--------------- Build Started: 09/17/2020 18:39:42 Project: RC_Car_LE_Bluetooth, Configuration: ARM GCC 5.4-2016-q2-update Debug ---------------
cydsfit.exe -.appdatapath "C:\Users\11800025\AppData\Local\Cypress Semiconductor\PSoC Creator\4.2" -.fdsnotice -.fdswarpdepfile=warp_dependencies.txt -.fdselabdepfile=elab_dependencies.txt -.fdsbldfile=generated_files.txt -.fdsreffile=referenced_files.txt -p C:\Users\11800025\Documents\GitHub\Rc_Car_Full_Project\RC_Car_FullProject\RC_Car_LE_Bluetooth.cydsn\RC_Car_LE_Bluetooth.cyprj -d CY8C4247LQI-BL483 -s C:\Users\11800025\Documents\GitHub\Rc_Car_Full_Project\RC_Car_FullProject\RC_Car_LE_Bluetooth.cydsn\Generated_Source\PSoC4 -- -yv2 -q10 -ygs -o2 -v3 -.fftcfgtype=LE
Elaborating Design...
HDL Generation...
Synthesis...
Tech Mapping...
Analog Placement...
Analog Routing...
Analog Code Generation...
Digital Placement...
Digital Routing...
Bitstream Generation...
Bitstream Verification...
Static timing analysis...
API Generation...
Dependency Generation...
Cleanup...
arm-none-eabi-gcc.exe -mcpu=cortex-m0 -mthumb -I. -IGenerated_Source\PSoC4 -Wa,-alh=.\CortexM0\ARM_GCC_541\Debug/BLE_gatt.lst -g -D DEBUG -D CY_CORE_ID=0 -Wall -ffunction-sections -ffat-lto-objects -Og -c Generated_Source\PSoC4\BLE_gatt.c -o .\CortexM0\ARM_GCC_541\Debug\BLE_gatt.o
arm-none-eabi-ar.exe -rs .\CortexM0\ARM_GCC_541\Debug\RC_Car_LE_Bluetooth.a .\CortexM0\ARM_GCC_541\Debug\UART.o .\CortexM0\ARM_GCC_541\Debug\UART_SPI_UART.o .\CortexM0\ARM_GCC_541\Debug\UART_SPI_UART_INT.o .\CortexM0\ARM_GCC_541\Debug\UART_PM.o .\CortexM0\ARM_GCC_541\Debug\UART_UART.o .\CortexM0\ARM_GCC_541\Debug\UART_BOOT.o .\CortexM0\ARM_GCC_541\Debug\UART_UART_BOOT.o .\CortexM0\ARM_GCC_541\Debug\Echo_rechts.o .\CortexM0\ARM_GCC_541\Debug\Echo_rechts_PM.o .\CortexM0\ARM_GCC_541\Debug\UltraSoon_Rechts.o .\CortexM0\ARM_GCC_541\Debug\UltraSoon_Rechts_PM.o .\CortexM0\ARM_GCC_541\Debug\Clock.o .\CortexM0\ARM_GCC_541\Debug\Trigger_Midden.o .\CortexM0\ARM_GCC_541\Debug\Trigger_Midden_PM.o .\CortexM0\ARM_GCC_541\Debug\PWM.o .\CortexM0\ARM_GCC_541\Debug\PWM_PM.o .\CortexM0\ARM_GCC_541\Debug\UltraSoon_Midden.o .\CortexM0\ARM_GCC_541\Debug\UltraSoon_Midden_PM.o .\CortexM0\ARM_GCC_541\Debug\Echo_Links.o .\CortexM0\ARM_GCC_541\Debug\Echo_Links_PM.o .\CortexM0\ARM_GCC_541\Debug\UltraSoon_Links.o .\CortexM0\ARM_GCC_541\Debug\UltraSoon_Links_PM.o .\CortexM0\ARM_GCC_541\Debug\Echo_Midden.o .\CortexM0\ARM_GCC_541\Debug\Echo_Midden_PM.o .\CortexM0\ARM_GCC_541\Debug\Clock_1.o .\CortexM0\ARM_GCC_541\Debug\Trigger_Rechts.o .\CortexM0\ARM_GCC_541\Debug\Trigger_Rechts_PM.o .\CortexM0\ARM_GCC_541\Debug\Trigger_Links.o .\CortexM0\ARM_GCC_541\Debug\Trigger_Links_PM.o .\CortexM0\ARM_GCC_541\Debug\UART_SCBCLK.o .\CortexM0\ARM_GCC_541\Debug\UART_tx.o .\CortexM0\ARM_GCC_541\Debug\UART_tx_PM.o .\CortexM0\ARM_GCC_541\Debug\UART_rx.o .\CortexM0\ARM_GCC_541\Debug\UART_rx_PM.o .\CortexM0\ARM_GCC_541\Debug\cy_em_eeprom.o .\CortexM0\ARM_GCC_541\Debug\CyFlash.o .\CortexM0\ARM_GCC_541\Debug\CyLib.o .\CortexM0\ARM_GCC_541\Debug\cyPm.o .\CortexM0\ARM_GCC_541\Debug\cyutils.o .\CortexM0\ARM_GCC_541\Debug\CyLFClk.o .\CortexM0\ARM_GCC_541\Debug\BLE.o .\CortexM0\ARM_GCC_541\Debug\BLE_gatt.o .\CortexM0\ARM_GCC_541\Debug\BLE_eventHandler.o .\CortexM0\ARM_GCC_541\Debug\BLE_HAL_INT.o .\CortexM0\ARM_GCC_541\Debug\BLE_HAL_PVT.o .\CortexM0\ARM_GCC_541\Debug\BLE_custom.o .\CortexM0\ARM_GCC_541\Debug\BLE_bless_isr.o .\CortexM0\ARM_GCC_541\Debug\CyBootAsmGnu.o
arm-none-eabi-ar.exe: creating .\CortexM0\ARM_GCC_541\Debug\RC_Car_LE_Bluetooth.a
arm-none-eabi-gcc.exe -Wl,--start-group -o C:\Users\11800025\Documents\GitHub\Rc_Car_Full_Project\RC_Car_FullProject\RC_Car_LE_Bluetooth.cydsn\CortexM0\ARM_GCC_541\Debug\RC_Car_LE_Bluetooth.elf .\CortexM0\ARM_GCC_541\Debug\main.o .\CortexM0\ARM_GCC_541\Debug\BLE.o .\CortexM0\ARM_GCC_541\Debug\cyfitter_cfg.o .\CortexM0\ARM_GCC_541\Debug\cymetadata.o .\CortexM0\ARM_GCC_541\Debug\Cm0Start.o .\CortexM0\ARM_GCC_541\Debug\RC_Car_LE_Bluetooth.a "..\..\..\..\PSoC Creator\4.2\Downloads ( 4.2).cylib\BLE_v3_66\Library\gccCyBLEStack_BLE_SOC_PERIPHERAL.a" -mcpu=cortex-m0 -mthumb -L Generated_Source\PSoC4 -Wl,-Map,.\CortexM0\ARM_GCC_541\Debug/RC_Car_LE_Bluetooth.map -T Generated_Source\PSoC4\cm0gcc.ld -specs=nano.specs -Wl,--gc-sections -g -ffunction-sections -Og -ffat-lto-objects -Wl,--end-group
cyelftool.exe -C C:\Users\11800025\Documents\GitHub\Rc_Car_Full_Project\RC_Car_FullProject\RC_Car_LE_Bluetooth.cydsn\CortexM0\ARM_GCC_541\Debug\RC_Car_LE_Bluetooth.elf --flash_row_size 128 --flash_size 131072 --flash_offset 0x00000000
No ELF section .cychecksum found, creating one
Application checksum calculated and stored in ELF section .cychecksum
Checksum calculated and stored in ELF section .cymeta
cyelftool.exe -S C:\Users\11800025\Documents\GitHub\Rc_Car_Full_Project\RC_Car_FullProject\RC_Car_LE_Bluetooth.cydsn\CortexM0\ARM_GCC_541\Debug\RC_Car_LE_Bluetooth.elf
Flash used: 82232 of 131072 bytes (62,7%).
SRAM used: 12456 of 16384 bytes (76,0%). Stack: 2048 bytes. Heap: 128 bytes.
--------------- Build Succeeded: 09/17/2020 18:40:14 ---------------
