--------------- Clean Started: 09/15/2020 15:56:14 Project: RC_Car_LE_Bluetooth, Configuration: ARM GCC 5.4-2016-q2-update Debug ---------------
Deleting file ".\CortexM0\ARM_GCC_541\Debug\main.o"
Deleting file ".\CortexM0\ARM_GCC_541\Debug\BLE.o"
Deleting file ".\CortexM0\ARM_GCC_541\Debug\Afstand.o"
Deleting file ".\CortexM0\ARM_GCC_541\Debug\cyfitter_cfg.o"
Deleting file ".\CortexM0\ARM_GCC_541\Debug\cymetadata.o"
Deleting file ".\CortexM0\ARM_GCC_541\Debug\UART.o"
Deleting file ".\CortexM0\ARM_GCC_541\Debug\UART_SPI_UART.o"
Deleting file ".\CortexM0\ARM_GCC_541\Debug\UART_SPI_UART_INT.o"
Deleting file ".\CortexM0\ARM_GCC_541\Debug\UART_PM.o"
Deleting file ".\CortexM0\ARM_GCC_541\Debug\UART_UART.o"
Deleting file ".\CortexM0\ARM_GCC_541\Debug\UART_BOOT.o"
Deleting file ".\CortexM0\ARM_GCC_541\Debug\UART_UART_BOOT.o"
Deleting file ".\CortexM0\ARM_GCC_541\Debug\Echo_rechts.o"
Deleting file ".\CortexM0\ARM_GCC_541\Debug\Echo_rechts_PM.o"
Deleting file ".\CortexM0\ARM_GCC_541\Debug\UltraSoon_Rechts.o"
Deleting file ".\CortexM0\ARM_GCC_541\Debug\UltraSoon_Rechts_PM.o"
Deleting file ".\CortexM0\ARM_GCC_541\Debug\Clock.o"
Deleting file ".\CortexM0\ARM_GCC_541\Debug\Trigger_Midden.o"
Deleting file ".\CortexM0\ARM_GCC_541\Debug\Trigger_Midden_PM.o"
Deleting file ".\CortexM0\ARM_GCC_541\Debug\PWM.o"
Deleting file ".\CortexM0\ARM_GCC_541\Debug\PWM_PM.o"
Deleting file ".\CortexM0\ARM_GCC_541\Debug\UltraSoon_Midden.o"
Deleting file ".\CortexM0\ARM_GCC_541\Debug\UltraSoon_Midden_PM.o"
Deleting file ".\CortexM0\ARM_GCC_541\Debug\Echo_Links.o"
Deleting file ".\CortexM0\ARM_GCC_541\Debug\Echo_Links_PM.o"
Deleting file ".\CortexM0\ARM_GCC_541\Debug\UltraSoon_Links.o"
Deleting file ".\CortexM0\ARM_GCC_541\Debug\UltraSoon_Links_PM.o"
Deleting file ".\CortexM0\ARM_GCC_541\Debug\Echo_Midden.o"
Deleting file ".\CortexM0\ARM_GCC_541\Debug\Echo_Midden_PM.o"
Deleting file ".\CortexM0\ARM_GCC_541\Debug\Clock_1.o"
Deleting file ".\CortexM0\ARM_GCC_541\Debug\Trigger_Rechts.o"
Deleting file ".\CortexM0\ARM_GCC_541\Debug\Trigger_Rechts_PM.o"
Deleting file ".\CortexM0\ARM_GCC_541\Debug\Trigger_Links.o"
Deleting file ".\CortexM0\ARM_GCC_541\Debug\Trigger_Links_PM.o"
Deleting file ".\CortexM0\ARM_GCC_541\Debug\UART_SCBCLK.o"
Deleting file ".\CortexM0\ARM_GCC_541\Debug\UART_tx.o"
Deleting file ".\CortexM0\ARM_GCC_541\Debug\UART_tx_PM.o"
Deleting file ".\CortexM0\ARM_GCC_541\Debug\UART_rx.o"
Deleting file ".\CortexM0\ARM_GCC_541\Debug\UART_rx_PM.o"
Deleting file ".\CortexM0\ARM_GCC_541\Debug\cy_em_eeprom.o"
Deleting file ".\CortexM0\ARM_GCC_541\Debug\Cm0Start.o"
Deleting file ".\CortexM0\ARM_GCC_541\Debug\CyFlash.o"
Deleting file ".\CortexM0\ARM_GCC_541\Debug\CyLib.o"
Deleting file ".\CortexM0\ARM_GCC_541\Debug\cyPm.o"
Deleting file ".\CortexM0\ARM_GCC_541\Debug\cyutils.o"
Deleting file ".\CortexM0\ARM_GCC_541\Debug\CyBootAsmGnu.o"
Deleting file ".\CortexM0\ARM_GCC_541\Debug\CyLFClk.o"
Deleting file ".\CortexM0\ARM_GCC_541\Debug\BLE_gatt.o"
Deleting file ".\CortexM0\ARM_GCC_541\Debug\BLE_eventHandler.o"
Deleting file ".\CortexM0\ARM_GCC_541\Debug\BLE_HAL_INT.o"
Deleting file ".\CortexM0\ARM_GCC_541\Debug\BLE_HAL_PVT.o"
Deleting file ".\CortexM0\ARM_GCC_541\Debug\BLE_custom.o"
Deleting file ".\CortexM0\ARM_GCC_541\Debug\BLE_bless_isr.o"
Deleting file ".\CortexM0\ARM_GCC_541\Debug\RC_Car_LE_Bluetooth.hex"
Deleting file ".\CortexM0\ARM_GCC_541\Debug\RC_Car_LE_Bluetooth.map"
Deleting file ".\RC_Car_LE_Bluetooth.cycdx"
Deleting file ".\RC_Car_LE_Bluetooth.svd"
Deleting file ".\RC_Car_LE_Bluetooth.rpt"
Deleting file ".\RC_Car_LE_Bluetooth_timing.html"
Deleting file ".\CortexM0\ARM_GCC_541\Debug\.deps\SOURCE_C__ARM_GCC_GENERIC.P"
Deleting file ".\CortexM0\ARM_GCC_541\Debug\.deps\SOURCE_ASM__ARM_GCC_GENERIC.P"
--------------- Clean Succeeded: 09/15/2020 15:56:14 ---------------
